Drill Listing
=============
Drill: .01181  Tool: 1  Feed: 95  Speed: 300
X 757332  Y 842283 X 760088  Y 842283
X 732037  Y 842283 X 734793  Y 842283

Drill: .01181  Tool: 2  Feed: 95  Speed: 300
X 442125  Y 422047
X 449803  Y 452165
X 453937  Y 452165
X 458070  Y 452165
X 474606  Y 450393
X 478740  Y 450393
X 482874  Y 450393
X 493503  Y 433267
X 494685  Y 440944
X 497047  Y 450393
X 497637  Y 433267
X 498818  Y 440944
X 501181  Y 450393
X 501771  Y 433267
X 502952  Y 440944
X 505314  Y 450393
X 521259  Y 422047
X 521850  Y 453346
X 525984  Y 453346
X 530118  Y 453346
X 542519  Y 452755
X 546653  Y 452755
X 550787  Y 452755
X 560236  Y 452165
X 560826  Y 433267
X 560826  Y 441535
X 564370  Y 452165
X 564960  Y 433267
X 564960  Y 441535
X 568503  Y 452165
X 569094  Y 441535
X 569094  Y 433267
X 577362  Y 440354
X 577362  Y 433267
X 578543  Y 452165
X 581496  Y 440354
X 581496  Y 433267
X 582677  Y 452165
X 585629  Y 440354
X 585629  Y 433267
X 586811  Y 452165
X 600984  Y 422047
X 608661  Y 456889
X 609842  Y 450393
X 612795  Y 456889
X 613976  Y 450393
X 616929  Y 456889
X 618110  Y 450393
X 632283  Y 456299
X 632283  Y 448622
X 636417  Y 456299
X 636417  Y 448622
X 638188  Y 438582
X 638188  Y 431496
X 640551  Y 456299
X 640551  Y 448622
X 642322  Y 431496
X 642322  Y 438582
X 646456  Y 431496
X 646456  Y 438582
X 655314  Y 432086
X 655314  Y 439173
X 655905  Y 448622
X 656496  Y 456299
X 659448  Y 439173
X 659448  Y 432086
X 660039  Y 448622
X 660629  Y 456299
X 663582  Y 432086
X 663582  Y 439173
X 664173  Y 448622
X 664763  Y 456299
X 678346  Y 422047
X 688976  Y 457480
X 688976  Y 450393
X 693110  Y 457480
X 693110  Y 450393
X 697244  Y 457480
X 697244  Y 450393
X 706102  Y 448622
X 707283  Y 456299
X 710236  Y 448622
X 711417  Y 456299
X 714370  Y 448622
X 715551  Y 456299
X 719094  Y 411417
X 742125  Y 445078
X 742716  Y 455118
X 746259  Y 445078
X 746850  Y 455118
X 750393  Y 445078
X 750984  Y 455118
X 755708  Y 422047
X 801771  Y 407874
X 805905  Y 408464
X 793503  Y 459842
X 764566  Y 466929
X 721456  Y 464566
X 701377  Y 463385
X 674803  Y 464566
X 596259  Y 464566
X 586811  Y 460433
X 582677  Y 460433
X 578543  Y 460433
X 568503  Y 460433
X 564370  Y 460433
X 560236  Y 460433
X 550196  Y 460433
X 546062  Y 460433
X 541929  Y 460433
X 530118  Y 459842
X 525984  Y 459842
X 521850  Y 459842
X 511220  Y 464566
X 504724  Y 459251
X 500590  Y 459251
X 496456  Y 459251
X 482874  Y 458661
X 478740  Y 458661
X 474606  Y 458661
X 458070  Y 459842
X 453937  Y 459842
X 449803  Y 459842
X 433858  Y 475787
X 399606  Y 526574
X 403740  Y 526574
X 407874  Y 526574
X 463385  Y 531299
X 467519  Y 531299
X 471653  Y 531299
X 494094  Y 507086
X 504133  Y 531889
X 508267  Y 531889
X 512401  Y 531889
X 512401  Y 520078
X 575590  Y 502362
X 576181  Y 494685
X 579724  Y 502362
X 579724  Y 520078
X 580314  Y 494685
X 580905  Y 512401
X 583858  Y 502362
X 583858  Y 520078
X 584448  Y 494685
X 585039  Y 512401
X 589173  Y 521259
X 589173  Y 512401
X 607480  Y 494094
X 609251  Y 503543
X 611614  Y 494094
X 613385  Y 503543
X 615748  Y 494094
X 617519  Y 503543
X 625196  Y 524212
X 629330  Y 524212
X 633464  Y 524212
X 673031  Y 526574
X 677165  Y 526574
X 681299  Y 526574
X 686023  Y 483464
X 721456  Y 531299
X 725590  Y 531299
X 729724  Y 531299
X 791141  Y 514763
X 768700  Y 537204
X 729133  Y 538976
X 725000  Y 538976
X 720866  Y 538976
X 687204  Y 550196
X 683070  Y 550196
X 680708  Y 535433
X 678937  Y 550196
X 676574  Y 535433
X 672440  Y 535433
X 665354  Y 554921
X 665354  Y 546653
X 661220  Y 554921
X 661220  Y 546653
X 657086  Y 554921
X 657086  Y 546653
X 629330  Y 535433
X 625196  Y 535433
X 621062  Y 535433
X 554330  Y 554330
X 512992  Y 540157
X 508858  Y 540157
X 504724  Y 540157
X 470472  Y 539566
X 466338  Y 539566
X 462204  Y 539566
X 449803  Y 541929
X 449803  Y 534251
X 445669  Y 541929
X 445669  Y 534251
X 441535  Y 534251
X 441535  Y 541929
X 407283  Y 557283
X 407283  Y 533661
X 403149  Y 533661
X 403149  Y 557283
X 399015  Y 557283
X 399015  Y 533661
X 399606  Y 581496
X 399606  Y 566141
X 403740  Y 566141
X 403740  Y 581496
X 407874  Y 581496
X 407874  Y 566141
X 466338  Y 563779
X 466338  Y 570866
X 470472  Y 563779
X 470472  Y 570866
X 474606  Y 563779
X 474606  Y 570866
X 501771  Y 567322
X 502362  Y 575590
X 505905  Y 567322
X 506496  Y 575590
X 510039  Y 567322
X 510629  Y 575590
X 681299  Y 560236
X 685433  Y 560236
X 689566  Y 560236
X 831889  Y 591535
X 801771  Y 590944
X 798818  Y 599212
X 642913  Y 585039
X 641141  Y 592125
X 639960  Y 606889
X 638779  Y 585039
X 637007  Y 592125
X 635826  Y 606889
X 634645  Y 585039
X 632874  Y 592125
X 631692  Y 606889
X 448622  Y 607480
X 444488  Y 607480
X 440354  Y 607480
X 407874  Y 587992
X 403740  Y 587992
X 399606  Y 587992
X 400196  Y 610433
X 400196  Y 627559
X 400787  Y 615748
X 404330  Y 610433
X 404330  Y 627559
X 404921  Y 615748
X 408464  Y 627559
X 409055  Y 615748
X 409055  Y 608661
X 439173  Y 624606
X 439173  Y 631102
X 439763  Y 614566
X 443307  Y 624606
X 443307  Y 631102
X 443897  Y 614566
X 447440  Y 624606
X 447440  Y 631102
X 448031  Y 614566
X 478149  Y 622834
X 478149  Y 631102
X 482283  Y 622834
X 482283  Y 631102
X 486417  Y 622834
X 486417  Y 631102
X 502362  Y 632283
X 502952  Y 621653
X 506496  Y 632283
X 507086  Y 621653
X 510629  Y 632283
X 511220  Y 621653
X 531299  Y 621062
X 531299  Y 629330
X 535433  Y 621062
X 535433  Y 629330
X 539566  Y 629330
X 539566  Y 621062
X 630511  Y 615157
X 634645  Y 615157
X 638779  Y 615157
X 647047  Y 620472
X 647637  Y 613976
X 651181  Y 620472
X 651771  Y 613976
X 655314  Y 620472
X 655905  Y 613976
X 725590  Y 634055
X 677755  Y 634055
X 577362  Y 644094
X 574409  Y 641141
X 571456  Y 644094
X 568503  Y 641141
X 565551  Y 644094
X 478740  Y 651771
X 478740  Y 644094
X 474606  Y 651771
X 474606  Y 644094
X 470472  Y 651771
X 470472  Y 644094
X 447440  Y 650000
X 447440  Y 641732
X 443307  Y 650000
X 443307  Y 641732
X 439173  Y 641732
X 439173  Y 650000
X 409645  Y 638188
X 409055  Y 657086
X 405511  Y 638188
X 404921  Y 657086
X 401377  Y 638188
X 400787  Y 657086
X 401377  Y 668307
X 405511  Y 668307
X 409645  Y 668307
X 439763  Y 661220
X 440354  Y 669488
X 443897  Y 661220
X 444488  Y 669488
X 448031  Y 661220
X 448622  Y 669488
X 542519  Y 669488
X 543700  Y 677165
X 546653  Y 669488
X 547834  Y 677165
X 550787  Y 669488
X 551968  Y 677165
X 580314  Y 667125
X 639960  Y 673031
X 639960  Y 682480
X 644094  Y 673031
X 644094  Y 682480
X 648228  Y 673031
X 648228  Y 682480
X 699015  Y 660629
X 753346  Y 666535
X 753937  Y 674212
X 757480  Y 666535
X 758070  Y 674212
X 761614  Y 666535
X 762204  Y 674212
X 772244  Y 668307
X 772244  Y 675393
X 776377  Y 668307
X 776377  Y 675393
X 780511  Y 675393
X 780511  Y 668307
X 818307  Y 688976
X 782283  Y 704921
X 782283  Y 699606
X 778149  Y 704921
X 778149  Y 699606
X 774015  Y 704921
X 774015  Y 699606
X 765748  Y 704921
X 764566  Y 694881
X 761614  Y 704921
X 760433  Y 694881
X 757480  Y 704921
X 756299  Y 694881
X 657677  Y 693700
X 655314  Y 688385
X 642322  Y 692519
X 607480  Y 697244
X 604527  Y 699606
X 560236  Y 692519
X 456299  Y 686614
X 442716  Y 701377
X 435039  Y 704330
X 409645  Y 694881
X 409055  Y 706102
X 409055  Y 685433
X 405511  Y 694881
X 404921  Y 685433
X 404921  Y 706102
X 401377  Y 694881
X 400787  Y 706102
X 400787  Y 685433
X 401377  Y 714960
X 405511  Y 714960
X 409645  Y 714960
X 503543  Y 715551
X 504724  Y 723228
X 507677  Y 715551
X 508858  Y 723228
X 511811  Y 715551
X 512992  Y 723228
X 583267  Y 726771
X 592125  Y 729724
X 595078  Y 719094
X 598031  Y 715551
X 600984  Y 719094
X 604527  Y 715551
X 607480  Y 719094
X 616338  Y 719094
X 634645  Y 713779
X 650000  Y 728543
X 673031  Y 730314
X 674212  Y 710826
X 733858  Y 732677
X 737992  Y 732677
X 742125  Y 732677
X 762795  Y 724409
X 812992  Y 747440
X 778740  Y 745669
X 742716  Y 739173
X 738582  Y 739173
X 734448  Y 739173
X 722047  Y 755118
X 694291  Y 753937
X 690157  Y 738582
X 687795  Y 735629
X 677165  Y 738582
X 677165  Y 748031
X 669488  Y 744488
X 667125  Y 747440
X 664763  Y 750984
X 662401  Y 753937
X 660039  Y 756889
X 606299  Y 747440
X 590354  Y 738582
X 580314  Y 740944
X 408464  Y 753937
X 404330  Y 753937
X 400196  Y 753937
X 400196  Y 761023
X 404330  Y 761023
X 408464  Y 761023
X 508858  Y 777559
X 550787  Y 775196
X 550787  Y 769291
X 565551  Y 768700
X 568503  Y 765748
X 571456  Y 768700
X 574409  Y 765748
X 577362  Y 762795
X 578543  Y 779330
X 579133  Y 772244
X 590944  Y 763385
X 599212  Y 760433
X 603937  Y 771653
X 619881  Y 780511
X 622834  Y 776377
X 625787  Y 772834
X 628740  Y 769881
X 631692  Y 766338
X 651771  Y 760433
X 657677  Y 760433
X 658267  Y 778740
X 658267  Y 766338
X 667716  Y 766338
X 681299  Y 774015
X 687795  Y 771653
X 690157  Y 769291
X 768110  Y 817125
X 753937  Y 825393
X 742125  Y 800590
X 740944  Y 825393
X 737992  Y 798228
X 737992  Y 806496
X 736811  Y 830708
X 732677  Y 791732
X 667125  Y 818307
X 664763  Y 821850
X 653543  Y 804133
X 651771  Y 785236
X 650590  Y 807677
X 648228  Y 795275
X 647047  Y 830708
X 642913  Y 827755
X 642322  Y 799409
X 630511  Y 830708
X 624606  Y 827755
X 622834  Y 802362
X 622244  Y 809448
X 618700  Y 802362
X 618110  Y 809448
X 613976  Y 809448
X 613976  Y 802362
X 587401  Y 815944
X 576771  Y 810039
X 574409  Y 783464
X 634645  Y 847834
X 656496  Y 847834
X 696062  Y 851968
X 696653  Y 845472
X 700196  Y 851968
X 700787  Y 845472
X 704330  Y 851968
X 704921  Y 845472
X 712007  Y 849606
X 714960  Y 841929
X 716141  Y 849606
X 719094  Y 841929
X 720275  Y 849606
X 789960  Y 843110
X 790551  Y 836023
X 794094  Y 843110
X 794685  Y 836023
X 798228  Y 843110
X 798818  Y 836023

Drill: .02165  Tool: 3  Feed: 197  Speed: 550
X 738188  Y 843110
X 753937  Y 843110

Drill: .02362  Tool: 4  Feed: 197  Speed: 550
X 520472  Y 644881 X 533858  Y 644881
X 697637  Y 644881 X 711023  Y 644881

Drill: .0315  Tool: 5  Feed: 197  Speed: 550
X 759940  Y 852952 X 759940  Y 850196
X 732185  Y 852952 X 732185  Y 850196

Drill: .035  Tool: 6  Feed: 197  Speed: 550
X 778503  Y 470787
X 778503  Y 480787
X 788503  Y 470787
X 788503  Y 480787
X 798503  Y 470787
X 798503  Y 480787
X 808503  Y 470787
X 808503  Y 480787
X 707255  Y 729015
X 707255  Y 719015
X 707255  Y 709015
X 414291  Y 794291
X 424291  Y 794291
X 707255  Y 769015
X 707255  Y 759015
X 707255  Y 779015
X 707255  Y 749015
X 707255  Y 739015
X 820866  Y 774921
X 820866  Y 784921
X 820866  Y 794921
X 820866  Y 804921
X 820866  Y 754921
X 820866  Y 764921

Drill: .03543  Tool: 7  Feed: 197  Speed: 550
X 726653  Y 665039
X 726653  Y 675039
X 796653  Y 675039
X 796653  Y 665039
X 796653  Y 695039
X 796653  Y 685039
X 796653  Y 705039
X 796653  Y 725039
X 796653  Y 715039
X 726653  Y 705039
X 726653  Y 685039
X 726653  Y 695039
X 726653  Y 715039
X 726653  Y 725039
X 676496  Y 846259
X 686496  Y 846259
X 726653  Y 735039
X 796653  Y 735039

Drill: .04724  Tool: 8  Feed: 139  Speed: 550
X 433464  Y 745275
X 483858  Y 745275
X 748425  Y 745275
X 798818  Y 745275
X 798818  Y 764960
X 748425  Y 764960
X 483858  Y 764960
X 433464  Y 764960

Drill: .05118  Tool: 9  Feed: 107  Speed: 550
X 811811  Y 649094
X 821653  Y 653031
X 821653  Y 672716
X 821653  Y 700055
X 821653  Y 719740
X 811811  Y 696118
X 811811  Y 676653
X 811811  Y 723677
X 451771  Y 812901
X 470472  Y 812901
X 489173  Y 812901

Drill: .05906  Tool: 10  Feed: 107  Speed: 550
X 505905  Y 518110
X 505905  Y 553543
X 726377  Y 553543
X 726377  Y 518110

Drill: .1811  Tool: 11  Feed: 35  Speed: 1033
X 411417  Y 419291
X 820866  Y 419291
X 820866  Y 832677
X 411417  Y 832677

End of Listing
