Drill Listing
=============
Drill: .01181  Tool: 1  Feed: 95  Speed: 300
X 474606  Y 577362
X 434448  Y 598031
X 429330  Y 629527
X 454921  Y 629527
X 425590  Y 648818
X 471653  Y 656102
X 467716  Y 659055
X 474606  Y 662007
X 432086  Y 694291
X 497244  Y 704330
X 517913  Y 695472
X 496259  Y 673818
X 520866  Y 662007
X 524803  Y 659055
X 520866  Y 656102
X 513976  Y 638385
X 505118  Y 626574
X 512401  Y 601574
X 505118  Y 590157
X 510629  Y 576181
X 494685  Y 540748
X 511811  Y 466338
X 517716  Y 460433
X 523031  Y 455708
X 554921  Y 442716
X 544291  Y 446259
X 534842  Y 449212
X 563188  Y 494685
X 541929  Y 505314
X 552559  Y 511811
X 534251  Y 518307
X 564960  Y 577362
X 555511  Y 582677
X 556102  Y 638188
X 571456  Y 662992
X 556102  Y 666535
X 530708  Y 701377
X 566141  Y 762401
X 530118  Y 769881
X 541338  Y 823622
X 590944  Y 831889
X 608661  Y 703740
X 598622  Y 700787
X 575590  Y 687795
X 601574  Y 681299
X 602755  Y 667125
X 602755  Y 637007
X 580905  Y 622834
X 608661  Y 592716
X 581496  Y 577362
X 577952  Y 557874
X 616338  Y 469881
X 577952  Y 437992
X 641732  Y 580314
X 639960  Y 590354
X 672440  Y 619291
X 629921  Y 619881
X 650590  Y 636417
X 650590  Y 667125
X 627559  Y 683070
X 643503  Y 717913
X 626377  Y 724409
X 635826  Y 751574
X 644685  Y 848425
X 695472  Y 834842
X 705511  Y 805905
X 706692  Y 789960
X 712007  Y 782283
X 686614  Y 777559
X 686614  Y 756889
X 679527  Y 688385
X 697244  Y 666535
X 697244  Y 636417
X 725000  Y 623425
X 714370  Y 573818
X 715551  Y 561417
X 708464  Y 499409
X 698425  Y 482283
X 729724  Y 498818
X 755118  Y 524803
X 736811  Y 589763
X 771062  Y 608070
X 744488  Y 667125
X 795472  Y 707283

Drill: .01969  Tool: 2  Feed: 95  Speed: 300
X 469881  Y 679527
X 496259  Y 746653
X 583858  Y 773425
X 640551  Y 810039
X 697834  Y 576771
X 646456  Y 546062

Drill: .02362  Tool: 3  Feed: 197  Speed: 550
X 621259  Y 777952 X 621259  Y 792125
X 639960  Y 777559 X 639960  Y 792519
X 658661  Y 777559 X 658661  Y 792519
X 735236  Y 690551 X 721850  Y 690551
X 558070  Y 690551 X 544685  Y 690551

Drill: .035  Tool: 4  Feed: 197  Speed: 550
X 817519  Y 617322
X 817519  Y 627322
X 817519  Y 637322
X 817519  Y 647322
X 817519  Y 657322
X 817519  Y 667322

Drill: .04331  Tool: 5  Feed: 139  Speed: 550
X 484520  Y 533716
X 479599  Y 542240
X 475662  Y 549059
X 470741  Y 557583
X 470741  Y 721157
X 475662  Y 729681
X 479599  Y 736500
X 484520  Y 745023
X 626181  Y 826811
X 636023  Y 826811
X 643897  Y 826811
X 643897  Y 451929
X 636023  Y 451929
X 626181  Y 451929
X 653740  Y 451929
X 795400  Y 533716
X 800321  Y 542240
X 800321  Y 736500
X 795400  Y 745023
X 653740  Y 826811
X 804258  Y 729681
X 809179  Y 721157
X 809179  Y 557583
X 804258  Y 549059

Drill: .04724  Tool: 6  Feed: 139  Speed: 550
X 536023  Y 721456
X 586417  Y 721456
X 586417  Y 741141
X 536023  Y 741141
X 693503  Y 741141
X 743897  Y 741141
X 693503  Y 721456
X 743897  Y 721456

Drill: .05906  Tool: 7  Feed: 107  Speed: 550
X 639960  Y 529724
X 639960  Y 565157

Drill: .10236  Tool: 8  Feed: 69  Speed: 658
X 481324  Y 517914
X 455458  Y 562715
X 455458  Y 716024
X 481324  Y 760825
X 614094  Y 837480
X 665826  Y 837480
X 665826  Y 441259
X 614094  Y 441259
X 798596  Y 517914
X 824463  Y 562715
X 824463  Y 716024
X 798596  Y 760825

Drill: .1811  Tool: 9  Feed: 35  Speed: 1033
X 486417  Y 485826
X 486417  Y 792913
X 793503  Y 792913
X 793503  Y 485826

End of Listing
